e:\expl\libzplay\libzplay-2.02-src\decoders\faad\libfaad\release\libfaad.pdb
e:\expl\libzplay\libzplay-2.02-src\decoders\faad\libfaad\release\ps_syntax.obj
e:\expl\libzplay\libzplay-2.02-src\decoders\faad\libfaad\release\ps_dec.obj
e:\expl\libzplay\libzplay-2.02-src\decoders\faad\libfaad\release\pns.obj
e:\expl\libzplay\libzplay-2.02-src\decoders\faad\libfaad\release\output.obj
e:\expl\libzplay\libzplay-2.02-src\decoders\faad\libfaad\release\ms.obj
e:\expl\libzplay\libzplay-2.02-src\decoders\faad\libfaad\release\mp4.obj
e:\expl\libzplay\libzplay-2.02-src\decoders\faad\libfaad\release\mdct.obj
e:\expl\libzplay\libzplay-2.02-src\decoders\faad\libfaad\release\lt_predict.obj
e:\expl\libzplay\libzplay-2.02-src\decoders\faad\libfaad\release\is.obj
e:\expl\libzplay\libzplay-2.02-src\decoders\faad\libfaad\release\ic_predict.obj
e:\expl\libzplay\libzplay-2.02-src\decoders\faad\libfaad\release\huffman1.obj
e:\expl\libzplay\libzplay-2.02-src\decoders\faad\libfaad\release\hcr.obj
e:\expl\libzplay\libzplay-2.02-src\decoders\faad\libfaad\release\filtbank.obj
e:\expl\libzplay\libzplay-2.02-src\decoders\faad\libfaad\release\error.obj
e:\expl\libzplay\libzplay-2.02-src\decoders\faad\libfaad\release\drm_dec.obj
e:\expl\libzplay\libzplay-2.02-src\decoders\faad\libfaad\release\drc.obj
e:\expl\libzplay\libzplay-2.02-src\decoders\faad\libfaad\release\decoder.obj
e:\expl\libzplay\libzplay-2.02-src\decoders\faad\libfaad\release\common.obj
e:\expl\libzplay\libzplay-2.02-src\decoders\faad\libfaad\release\cfft.obj
e:\expl\libzplay\libzplay-2.02-src\decoders\faad\libfaad\release\bits.obj
e:\expl\libzplay\libzplay-2.02-src\decoders\faad\libfaad\release\tns.obj
e:\expl\libzplay\libzplay-2.02-src\decoders\faad\libfaad\release\syntax.obj
e:\expl\libzplay\libzplay-2.02-src\decoders\faad\libfaad\release\ssr_ipqf.obj
e:\expl\libzplay\libzplay-2.02-src\decoders\faad\libfaad\release\ssr_fb.obj
e:\expl\libzplay\libzplay-2.02-src\decoders\faad\libfaad\release\ssr.obj
e:\expl\libzplay\libzplay-2.02-src\decoders\faad\libfaad\release\specrec.obj
e:\expl\libzplay\libzplay-2.02-src\decoders\faad\libfaad\release\sbr_tf_grid.obj
e:\expl\libzplay\libzplay-2.02-src\decoders\faad\libfaad\release\sbr_syntax.obj
e:\expl\libzplay\libzplay-2.02-src\decoders\faad\libfaad\release\sbr_qmf.obj
e:\expl\libzplay\libzplay-2.02-src\decoders\faad\libfaad\release\sbr_huff.obj
e:\expl\libzplay\libzplay-2.02-src\decoders\faad\libfaad\release\sbr_hfgen.obj
e:\expl\libzplay\libzplay-2.02-src\decoders\faad\libfaad\release\sbr_hfadj.obj
e:\expl\libzplay\libzplay-2.02-src\decoders\faad\libfaad\release\sbr_fbt.obj
e:\expl\libzplay\libzplay-2.02-src\decoders\faad\libfaad\release\sbr_e_nf.obj
e:\expl\libzplay\libzplay-2.02-src\decoders\faad\libfaad\release\sbr_dec.obj
e:\expl\libzplay\libzplay-2.02-src\decoders\faad\libfaad\release\sbr_dct.obj
e:\expl\libzplay\libzplay-2.02-src\decoders\faad\libfaad\release\rvlc.obj
e:\expl\libzplay\libzplay-2.02-src\decoders\faad\libfaad\release\pulse.obj
e:\expl\libzplay\libzplay-2.02-src\decoders\faad\libfaad\release\libfaad.lib
e:\expl\libzplay\libzplay-2.02-src\decoders\faad\libfaad\release\libfaad.tlog\cl.command.1.tlog
e:\expl\libzplay\libzplay-2.02-src\decoders\faad\libfaad\release\libfaad.tlog\cl.items.tlog
e:\expl\libzplay\libzplay-2.02-src\decoders\faad\libfaad\release\libfaad.tlog\cl.read.1.tlog
e:\expl\libzplay\libzplay-2.02-src\decoders\faad\libfaad\release\libfaad.tlog\cl.write.1.tlog
e:\expl\libzplay\libzplay-2.02-src\decoders\faad\libfaad\release\libfaad.tlog\lib-link.write.1.tlog
e:\expl\libzplay\libzplay-2.02-src\decoders\faad\libfaad\release\libfaad.tlog\lib.command.1.tlog
e:\expl\libzplay\libzplay-2.02-src\decoders\faad\libfaad\release\libfaad.tlog\lib.read.1.tlog
