e:\expl\libzplay\libzplay-2.02-src\decoders\faac\libfaac\release\libfaac.pdb
e:\expl\libzplay\libzplay-2.02-src\decoders\faac\libfaac\release\util.obj
e:\expl\libzplay\libzplay-2.02-src\decoders\faac\libfaac\release\tns1.obj
e:\expl\libzplay\libzplay-2.02-src\decoders\faac\libfaac\release\psychkni.obj
e:\expl\libzplay\libzplay-2.02-src\decoders\faac\libfaac\release\midside.obj
e:\expl\libzplay\libzplay-2.02-src\decoders\faac\libfaac\release\ltp.obj
e:\expl\libzplay\libzplay-2.02-src\decoders\faac\libfaac\release\huffman2.obj
e:\expl\libzplay\libzplay-2.02-src\decoders\faac\libfaac\release\frame1.obj
e:\expl\libzplay\libzplay-2.02-src\decoders\faac\libfaac\release\filtbank1.obj
e:\expl\libzplay\libzplay-2.02-src\decoders\faac\libfaac\release\fft.obj
e:\expl\libzplay\libzplay-2.02-src\decoders\faac\libfaac\release\channels.obj
e:\expl\libzplay\libzplay-2.02-src\decoders\faac\libfaac\release\bitstream1.obj
e:\expl\libzplay\libzplay-2.02-src\decoders\faac\libfaac\release\backpred.obj
e:\expl\libzplay\libzplay-2.02-src\decoders\faac\libfaac\release\aacquant.obj
e:\expl\libzplay\libzplay-2.02-src\decoders\faac\libfaac\release\libfaac.lib
e:\expl\libzplay\libzplay-2.02-src\decoders\faac\libfaac\release\libfaac.tlog\cl.command.1.tlog
e:\expl\libzplay\libzplay-2.02-src\decoders\faac\libfaac\release\libfaac.tlog\cl.items.tlog
e:\expl\libzplay\libzplay-2.02-src\decoders\faac\libfaac\release\libfaac.tlog\cl.read.1.tlog
e:\expl\libzplay\libzplay-2.02-src\decoders\faac\libfaac\release\libfaac.tlog\cl.write.1.tlog
e:\expl\libzplay\libzplay-2.02-src\decoders\faac\libfaac\release\libfaac.tlog\lib-link.write.1.tlog
e:\expl\libzplay\libzplay-2.02-src\decoders\faac\libfaac\release\libfaac.tlog\lib.command.1.tlog
e:\expl\libzplay\libzplay-2.02-src\decoders\faac\libfaac\release\libfaac.tlog\lib.read.1.tlog
