e:\expl\libzplay\libzplay-2.02-src\decoders\jpeglib\release\jpeglib.pdb
e:\expl\libzplay\libzplay-2.02-src\decoders\jpeglib\release\jdarith.obj
e:\expl\libzplay\libzplay-2.02-src\decoders\jpeglib\release\jdapistd.obj
e:\expl\libzplay\libzplay-2.02-src\decoders\jpeglib\release\jdapimin.obj
e:\expl\libzplay\libzplay-2.02-src\decoders\jpeglib\release\jctrans.obj
e:\expl\libzplay\libzplay-2.02-src\decoders\jpeglib\release\jcsample.obj
e:\expl\libzplay\libzplay-2.02-src\decoders\jpeglib\release\jcprepct.obj
e:\expl\libzplay\libzplay-2.02-src\decoders\jpeglib\release\jcparam.obj
e:\expl\libzplay\libzplay-2.02-src\decoders\jpeglib\release\jcomapi.obj
e:\expl\libzplay\libzplay-2.02-src\decoders\jpeglib\release\jcmaster.obj
e:\expl\libzplay\libzplay-2.02-src\decoders\jpeglib\release\jcmarker.obj
e:\expl\libzplay\libzplay-2.02-src\decoders\jpeglib\release\jcmainct.obj
e:\expl\libzplay\libzplay-2.02-src\decoders\jpeglib\release\jcinit.obj
e:\expl\libzplay\libzplay-2.02-src\decoders\jpeglib\release\jchuff.obj
e:\expl\libzplay\libzplay-2.02-src\decoders\jpeglib\release\jcdctmgr.obj
e:\expl\libzplay\libzplay-2.02-src\decoders\jpeglib\release\jccolor.obj
e:\expl\libzplay\libzplay-2.02-src\decoders\jpeglib\release\jccoefct.obj
e:\expl\libzplay\libzplay-2.02-src\decoders\jpeglib\release\jcarith.obj
e:\expl\libzplay\libzplay-2.02-src\decoders\jpeglib\release\jcapistd.obj
e:\expl\libzplay\libzplay-2.02-src\decoders\jpeglib\release\jcapimin.obj
e:\expl\libzplay\libzplay-2.02-src\decoders\jpeglib\release\jaricom.obj
e:\expl\libzplay\libzplay-2.02-src\decoders\jpeglib\release\jidctfst.obj
e:\expl\libzplay\libzplay-2.02-src\decoders\jpeglib\release\jidctflt.obj
e:\expl\libzplay\libzplay-2.02-src\decoders\jpeglib\release\jfdctint.obj
e:\expl\libzplay\libzplay-2.02-src\decoders\jpeglib\release\jfdctfst.obj
e:\expl\libzplay\libzplay-2.02-src\decoders\jpeglib\release\jfdctflt.obj
e:\expl\libzplay\libzplay-2.02-src\decoders\jpeglib\release\jerror.obj
e:\expl\libzplay\libzplay-2.02-src\decoders\jpeglib\release\jdtrans.obj
e:\expl\libzplay\libzplay-2.02-src\decoders\jpeglib\release\jdsample.obj
e:\expl\libzplay\libzplay-2.02-src\decoders\jpeglib\release\jdpostct.obj
e:\expl\libzplay\libzplay-2.02-src\decoders\jpeglib\release\jdmerge.obj
e:\expl\libzplay\libzplay-2.02-src\decoders\jpeglib\release\jdmaster.obj
e:\expl\libzplay\libzplay-2.02-src\decoders\jpeglib\release\jdmarker.obj
e:\expl\libzplay\libzplay-2.02-src\decoders\jpeglib\release\jdmainct.obj
e:\expl\libzplay\libzplay-2.02-src\decoders\jpeglib\release\jdinput.obj
e:\expl\libzplay\libzplay-2.02-src\decoders\jpeglib\release\jdhuff.obj
e:\expl\libzplay\libzplay-2.02-src\decoders\jpeglib\release\jddctmgr.obj
e:\expl\libzplay\libzplay-2.02-src\decoders\jpeglib\release\jdcolor.obj
e:\expl\libzplay\libzplay-2.02-src\decoders\jpeglib\release\jdcoefct.obj
e:\expl\libzplay\libzplay-2.02-src\decoders\jpeglib\release\jdatasrc.obj
e:\expl\libzplay\libzplay-2.02-src\decoders\jpeglib\release\jdatadst.obj
e:\expl\libzplay\libzplay-2.02-src\decoders\jpeglib\release\rdtarga.obj
e:\expl\libzplay\libzplay-2.02-src\decoders\jpeglib\release\rdswitch.obj
e:\expl\libzplay\libzplay-2.02-src\decoders\jpeglib\release\rdrle.obj
e:\expl\libzplay\libzplay-2.02-src\decoders\jpeglib\release\rdppm.obj
e:\expl\libzplay\libzplay-2.02-src\decoders\jpeglib\release\rdgif.obj
e:\expl\libzplay\libzplay-2.02-src\decoders\jpeglib\release\rdcolmap.obj
e:\expl\libzplay\libzplay-2.02-src\decoders\jpeglib\release\rdbmp.obj
e:\expl\libzplay\libzplay-2.02-src\decoders\jpeglib\release\jutils.obj
e:\expl\libzplay\libzplay-2.02-src\decoders\jpeglib\release\jquant2.obj
e:\expl\libzplay\libzplay-2.02-src\decoders\jpeglib\release\jquant1.obj
e:\expl\libzplay\libzplay-2.02-src\decoders\jpeglib\release\jmemmgr.obj
e:\expl\libzplay\libzplay-2.02-src\decoders\jpeglib\release\jmemansi.obj
e:\expl\libzplay\libzplay-2.02-src\decoders\jpeglib\release\jidctint.obj
e:\expl\libzplay\libzplay-2.02-src\decoders\jpeglib\release\jpeglib.lib
e:\expl\libzplay\libzplay-2.02-src\decoders\jpeglib\release\jpeglib.tlog\cl.command.1.tlog
e:\expl\libzplay\libzplay-2.02-src\decoders\jpeglib\release\jpeglib.tlog\cl.items.tlog
e:\expl\libzplay\libzplay-2.02-src\decoders\jpeglib\release\jpeglib.tlog\cl.read.1.tlog
e:\expl\libzplay\libzplay-2.02-src\decoders\jpeglib\release\jpeglib.tlog\cl.write.1.tlog
e:\expl\libzplay\libzplay-2.02-src\decoders\jpeglib\release\jpeglib.tlog\lib-link.write.1.tlog
e:\expl\libzplay\libzplay-2.02-src\decoders\jpeglib\release\jpeglib.tlog\lib.command.1.tlog
e:\expl\libzplay\libzplay-2.02-src\decoders\jpeglib\release\jpeglib.tlog\lib.read.1.tlog
