e:\expl\libzplay\libzplay-2.02-src\decoders\libmad\msvc++\release\libmad.pdb
e:\expl\libzplay\libzplay-2.02-src\decoders\libmad\msvc++\release\version.obj
e:\expl\libzplay\libzplay-2.02-src\decoders\libmad\msvc++\release\timer.obj
e:\expl\libzplay\libzplay-2.02-src\decoders\libmad\msvc++\release\synth.obj
e:\expl\libzplay\libzplay-2.02-src\decoders\libmad\msvc++\release\stream.obj
e:\expl\libzplay\libzplay-2.02-src\decoders\libmad\msvc++\release\layer3.obj
e:\expl\libzplay\libzplay-2.02-src\decoders\libmad\msvc++\release\layer12.obj
e:\expl\libzplay\libzplay-2.02-src\decoders\libmad\msvc++\release\huffman.obj
e:\expl\libzplay\libzplay-2.02-src\decoders\libmad\msvc++\release\frame.obj
e:\expl\libzplay\libzplay-2.02-src\decoders\libmad\msvc++\release\fixed.obj
e:\expl\libzplay\libzplay-2.02-src\decoders\libmad\msvc++\release\decoder.obj
e:\expl\libzplay\libzplay-2.02-src\decoders\libmad\msvc++\release\bit.obj
e:\expl\libzplay\libzplay-2.02-src\decoders\libmad\msvc++\release\libmad.lib
e:\expl\libzplay\libzplay-2.02-src\decoders\libmad\msvc++\release\libmad.tlog\cl.command.1.tlog
e:\expl\libzplay\libzplay-2.02-src\decoders\libmad\msvc++\release\libmad.tlog\cl.items.tlog
e:\expl\libzplay\libzplay-2.02-src\decoders\libmad\msvc++\release\libmad.tlog\cl.read.1.tlog
e:\expl\libzplay\libzplay-2.02-src\decoders\libmad\msvc++\release\libmad.tlog\cl.write.1.tlog
e:\expl\libzplay\libzplay-2.02-src\decoders\libmad\msvc++\release\libmad.tlog\lib-link.write.1.tlog
e:\expl\libzplay\libzplay-2.02-src\decoders\libmad\msvc++\release\libmad.tlog\lib.command.1.tlog
e:\expl\libzplay\libzplay-2.02-src\decoders\libmad\msvc++\release\libmad.tlog\lib.read.1.tlog
