e:\expl\libzplay\libzplay-2.02-src\decoders\lpng\libpng\release\libpng.pdb
e:\expl\libzplay\libzplay-2.02-src\decoders\lpng\libpng\release\pngwutil.obj
e:\expl\libzplay\libzplay-2.02-src\decoders\lpng\libpng\release\pngwtran.obj
e:\expl\libzplay\libzplay-2.02-src\decoders\lpng\libpng\release\pngwrite.obj
e:\expl\libzplay\libzplay-2.02-src\decoders\lpng\libpng\release\pngwio.obj
e:\expl\libzplay\libzplay-2.02-src\decoders\lpng\libpng\release\pngtrans.obj
e:\expl\libzplay\libzplay-2.02-src\decoders\lpng\libpng\release\pngset.obj
e:\expl\libzplay\libzplay-2.02-src\decoders\lpng\libpng\release\pngrutil.obj
e:\expl\libzplay\libzplay-2.02-src\decoders\lpng\libpng\release\pngrtran.obj
e:\expl\libzplay\libzplay-2.02-src\decoders\lpng\libpng\release\pngrio.obj
e:\expl\libzplay\libzplay-2.02-src\decoders\lpng\libpng\release\pngread.obj
e:\expl\libzplay\libzplay-2.02-src\decoders\lpng\libpng\release\pngpread.obj
e:\expl\libzplay\libzplay-2.02-src\decoders\lpng\libpng\release\pngmem.obj
e:\expl\libzplay\libzplay-2.02-src\decoders\lpng\libpng\release\pngget.obj
e:\expl\libzplay\libzplay-2.02-src\decoders\lpng\libpng\release\pngerror.obj
e:\expl\libzplay\libzplay-2.02-src\decoders\lpng\libpng\release\png.obj
e:\expl\libzplay\libzplay-2.02-src\decoders\lpng\libpng\release\libpng.lib
e:\expl\libzplay\libzplay-2.02-src\decoders\lpng\libpng\release\libpng.tlog\cl.command.1.tlog
e:\expl\libzplay\libzplay-2.02-src\decoders\lpng\libpng\release\libpng.tlog\cl.items.tlog
e:\expl\libzplay\libzplay-2.02-src\decoders\lpng\libpng\release\libpng.tlog\cl.read.1.tlog
e:\expl\libzplay\libzplay-2.02-src\decoders\lpng\libpng\release\libpng.tlog\cl.write.1.tlog
e:\expl\libzplay\libzplay-2.02-src\decoders\lpng\libpng\release\libpng.tlog\lib-link.write.1.tlog
e:\expl\libzplay\libzplay-2.02-src\decoders\lpng\libpng\release\libpng.tlog\lib.command.1.tlog
e:\expl\libzplay\libzplay-2.02-src\decoders\lpng\libpng\release\libpng.tlog\lib.read.1.tlog
