e:\expl\libzplay\libzplay-2.02-src\decoders\soundtouch\source\soundtouch\release\soundtouch.pdb
e:\expl\libzplay\libzplay-2.02-src\decoders\soundtouch\source\soundtouch\release\tdstretch.obj
e:\expl\libzplay\libzplay-2.02-src\decoders\soundtouch\source\soundtouch\release\sse_optimized.obj
e:\expl\libzplay\libzplay-2.02-src\decoders\soundtouch\source\soundtouch\release\soundtouch.obj
e:\expl\libzplay\libzplay-2.02-src\decoders\soundtouch\source\soundtouch\release\ratetransposer.obj
e:\expl\libzplay\libzplay-2.02-src\decoders\soundtouch\source\soundtouch\release\peakfinder.obj
e:\expl\libzplay\libzplay-2.02-src\decoders\soundtouch\source\soundtouch\release\mmx_optimized.obj
e:\expl\libzplay\libzplay-2.02-src\decoders\soundtouch\source\soundtouch\release\firfilter.obj
e:\expl\libzplay\libzplay-2.02-src\decoders\soundtouch\source\soundtouch\release\fifosamplebuffer.obj
e:\expl\libzplay\libzplay-2.02-src\decoders\soundtouch\source\soundtouch\release\cpu_detect_x86_win.obj
e:\expl\libzplay\libzplay-2.02-src\decoders\soundtouch\source\soundtouch\release\bpmdetect.obj
e:\expl\libzplay\libzplay-2.02-src\decoders\soundtouch\source\soundtouch\release\aafilter.obj
e:\expl\libzplay\libzplay-2.02-src\decoders\soundtouch\source\soundtouch\release\soundtouch.lib
e:\expl\libzplay\libzplay-2.02-src\decoders\soundtouch\source\soundtouch\release\soundtouch.tlog\cl.command.1.tlog
e:\expl\libzplay\libzplay-2.02-src\decoders\soundtouch\source\soundtouch\release\soundtouch.tlog\cl.items.tlog
e:\expl\libzplay\libzplay-2.02-src\decoders\soundtouch\source\soundtouch\release\soundtouch.tlog\cl.read.1.tlog
e:\expl\libzplay\libzplay-2.02-src\decoders\soundtouch\source\soundtouch\release\soundtouch.tlog\cl.write.1.tlog
e:\expl\libzplay\libzplay-2.02-src\decoders\soundtouch\source\soundtouch\release\soundtouch.tlog\lib-link.write.1.tlog
e:\expl\libzplay\libzplay-2.02-src\decoders\soundtouch\source\soundtouch\release\soundtouch.tlog\lib.command.1.tlog
e:\expl\libzplay\libzplay-2.02-src\decoders\soundtouch\source\soundtouch\release\soundtouch.tlog\lib.read.1.tlog
