e:\expl\libzplay\libzplay-2.02-src\decoders\libvorbis\win32\vorbis_static_release\vorbis_static.bsc
e:\expl\libzplay\libzplay-2.02-src\decoders\libvorbis\win32\vorbis_static_release\vorbis_static.pdb
e:\expl\libzplay\libzplay-2.02-src\decoders\libvorbis\win32\vorbis_static_release\analysis.sbr
e:\expl\libzplay\libzplay-2.02-src\decoders\libvorbis\win32\vorbis_static_release\bitrate.sbr
e:\expl\libzplay\libzplay-2.02-src\decoders\libvorbis\win32\vorbis_static_release\block.sbr
e:\expl\libzplay\libzplay-2.02-src\decoders\libvorbis\win32\vorbis_static_release\codebook.sbr
e:\expl\libzplay\libzplay-2.02-src\decoders\libvorbis\win32\vorbis_static_release\envelope.sbr
e:\expl\libzplay\libzplay-2.02-src\decoders\libvorbis\win32\vorbis_static_release\floor0.sbr
e:\expl\libzplay\libzplay-2.02-src\decoders\libvorbis\win32\vorbis_static_release\floor1.sbr
e:\expl\libzplay\libzplay-2.02-src\decoders\libvorbis\win32\vorbis_static_release\info.sbr
e:\expl\libzplay\libzplay-2.02-src\decoders\libvorbis\win32\vorbis_static_release\lookup.sbr
e:\expl\libzplay\libzplay-2.02-src\decoders\libvorbis\win32\vorbis_static_release\lpc.sbr
e:\expl\libzplay\libzplay-2.02-src\decoders\libvorbis\win32\vorbis_static_release\lsp.sbr
e:\expl\libzplay\libzplay-2.02-src\decoders\libvorbis\win32\vorbis_static_release\mapping0.sbr
e:\expl\libzplay\libzplay-2.02-src\decoders\libvorbis\win32\vorbis_static_release\mdct.sbr
e:\expl\libzplay\libzplay-2.02-src\decoders\libvorbis\win32\vorbis_static_release\psy.sbr
e:\expl\libzplay\libzplay-2.02-src\decoders\libvorbis\win32\vorbis_static_release\registry.sbr
e:\expl\libzplay\libzplay-2.02-src\decoders\libvorbis\win32\vorbis_static_release\res0.sbr
e:\expl\libzplay\libzplay-2.02-src\decoders\libvorbis\win32\vorbis_static_release\sharedbook.sbr
e:\expl\libzplay\libzplay-2.02-src\decoders\libvorbis\win32\vorbis_static_release\smallft.sbr
e:\expl\libzplay\libzplay-2.02-src\decoders\libvorbis\win32\vorbis_static_release\synthesis.sbr
e:\expl\libzplay\libzplay-2.02-src\decoders\libvorbis\win32\vorbis_static_release\window.sbr
e:\expl\libzplay\libzplay-2.02-src\decoders\libvorbis\win32\vorbis_static_release\window.obj
e:\expl\libzplay\libzplay-2.02-src\decoders\libvorbis\win32\vorbis_static_release\synthesis.obj
e:\expl\libzplay\libzplay-2.02-src\decoders\libvorbis\win32\vorbis_static_release\smallft.obj
e:\expl\libzplay\libzplay-2.02-src\decoders\libvorbis\win32\vorbis_static_release\sharedbook.obj
e:\expl\libzplay\libzplay-2.02-src\decoders\libvorbis\win32\vorbis_static_release\res0.obj
e:\expl\libzplay\libzplay-2.02-src\decoders\libvorbis\win32\vorbis_static_release\registry.obj
e:\expl\libzplay\libzplay-2.02-src\decoders\libvorbis\win32\vorbis_static_release\psy.obj
e:\expl\libzplay\libzplay-2.02-src\decoders\libvorbis\win32\vorbis_static_release\mdct.obj
e:\expl\libzplay\libzplay-2.02-src\decoders\libvorbis\win32\vorbis_static_release\mapping0.obj
e:\expl\libzplay\libzplay-2.02-src\decoders\libvorbis\win32\vorbis_static_release\lsp.obj
e:\expl\libzplay\libzplay-2.02-src\decoders\libvorbis\win32\vorbis_static_release\lpc.obj
e:\expl\libzplay\libzplay-2.02-src\decoders\libvorbis\win32\vorbis_static_release\lookup.obj
e:\expl\libzplay\libzplay-2.02-src\decoders\libvorbis\win32\vorbis_static_release\info.obj
e:\expl\libzplay\libzplay-2.02-src\decoders\libvorbis\win32\vorbis_static_release\floor1.obj
e:\expl\libzplay\libzplay-2.02-src\decoders\libvorbis\win32\vorbis_static_release\floor0.obj
e:\expl\libzplay\libzplay-2.02-src\decoders\libvorbis\win32\vorbis_static_release\envelope.obj
e:\expl\libzplay\libzplay-2.02-src\decoders\libvorbis\win32\vorbis_static_release\codebook.obj
e:\expl\libzplay\libzplay-2.02-src\decoders\libvorbis\win32\vorbis_static_release\block.obj
e:\expl\libzplay\libzplay-2.02-src\decoders\libvorbis\win32\vorbis_static_release\bitrate.obj
e:\expl\libzplay\libzplay-2.02-src\decoders\libvorbis\win32\vorbis_static_release\analysis.obj
e:\expl\libzplay\libzplay-2.02-src\decoders\libvorbis\win32\vorbis_static_release\vorbis_static.lib
e:\expl\libzplay\libzplay-2.02-src\decoders\libvorbis\win32\vorbis_static_release\vorbis_static.tlog\bscmake.command.1.tlog
e:\expl\libzplay\libzplay-2.02-src\decoders\libvorbis\win32\vorbis_static_release\vorbis_static.tlog\bscmake.read.1.tlog
e:\expl\libzplay\libzplay-2.02-src\decoders\libvorbis\win32\vorbis_static_release\vorbis_static.tlog\bscmake.write.1.tlog
e:\expl\libzplay\libzplay-2.02-src\decoders\libvorbis\win32\vorbis_static_release\vorbis_static.tlog\cl.command.1.tlog
e:\expl\libzplay\libzplay-2.02-src\decoders\libvorbis\win32\vorbis_static_release\vorbis_static.tlog\cl.items.tlog
e:\expl\libzplay\libzplay-2.02-src\decoders\libvorbis\win32\vorbis_static_release\vorbis_static.tlog\cl.read.1.tlog
e:\expl\libzplay\libzplay-2.02-src\decoders\libvorbis\win32\vorbis_static_release\vorbis_static.tlog\cl.write.1.tlog
e:\expl\libzplay\libzplay-2.02-src\decoders\libvorbis\win32\vorbis_static_release\vorbis_static.tlog\lib-link.write.1.tlog
e:\expl\libzplay\libzplay-2.02-src\decoders\libvorbis\win32\vorbis_static_release\vorbis_static.tlog\lib.command.1.tlog
e:\expl\libzplay\libzplay-2.02-src\decoders\libvorbis\win32\vorbis_static_release\vorbis_static.tlog\lib.read.1.tlog
