  cpu_detect_x86_win.cpp
  mmx_optimized.cpp
  TDStretch.cpp
E:\expl\libzplay\libzplay-2.02-src\decoders\soundtouch\source\SoundTouch\cpu_detect_x86_win.cpp(74,5): error C4235: 使用了非标准扩展: 不支持在此结构上使用“__asm”关键字
E:\expl\libzplay\libzplay-2.02-src\decoders\soundtouch\source\SoundTouch\cpu_detect_x86_win.cpp(76,20): error C2015: 常量中的字符太多
E:\expl\libzplay\libzplay-2.02-src\decoders\soundtouch\source\SoundTouch\cpu_detect_x86_win.cpp(76,11): error C2065: “check”: 未声明的标识符
E:\expl\libzplay\libzplay-2.02-src\decoders\soundtouch\source\SoundTouch\cpu_detect_x86_win.cpp(76,17): error C2143: 语法错误: 缺少“;”(在“if”的前面)
E:\expl\libzplay\libzplay-2.02-src\decoders\soundtouch\source\SoundTouch\cpu_detect_x86_win.cpp(76,20): error C2059: 语法错误:“常数”
E:\expl\libzplay\libzplay-2.02-src\decoders\soundtouch\source\SoundTouch\cpu_detect_x86_win.cpp(78,9): error C2065: “xor”: 未声明的标识符
E:\expl\libzplay\libzplay-2.02-src\decoders\soundtouch\source\SoundTouch\cpu_detect_x86_win.cpp(78,17): error C2146: 语法错误: 缺少“;”(在标识符“esi”的前面)
E:\expl\libzplay\libzplay-2.02-src\decoders\soundtouch\source\SoundTouch\cpu_detect_x86_win.cpp(78,17): error C2065: “esi”: 未声明的标识符
E:\expl\libzplay\libzplay-2.02-src\decoders\soundtouch\source\SoundTouch\cpu_detect_x86_win.cpp(78,22): error C2065: “esi”: 未声明的标识符
E:\expl\libzplay\libzplay-2.02-src\decoders\soundtouch\source\SoundTouch\cpu_detect_x86_win.cpp(78,39): error C2065: “clear”: 未声明的标识符
E:\expl\libzplay\libzplay-2.02-src\decoders\soundtouch\source\SoundTouch\cpu_detect_x86_win.cpp(78,45): error C2146: 语法错误: 缺少“;”(在标识符“esi”的前面)
E:\expl\libzplay\libzplay-2.02-src\decoders\soundtouch\source\SoundTouch\cpu_detect_x86_win.cpp(78,45): error C2065: “esi”: 未声明的标识符
E:\expl\libzplay\libzplay-2.02-src\decoders\soundtouch\source\SoundTouch\cpu_detect_x86_win.cpp(78,51): error C2065: “result”: 未声明的标识符
E:\expl\libzplay\libzplay-2.02-src\decoders\soundtouch\source\SoundTouch\cpu_detect_x86_win.cpp(78,58): error C2144: 语法错误:“int”的前面应有“;”
E:\expl\libzplay\libzplay-2.02-src\decoders\soundtouch\source\SoundTouch\cpu_detect_x86_win.cpp(80,9): error C4430: 缺少类型说明符 - 假定为 int。注意: C++ 不支持默认 int
E:\expl\libzplay\libzplay-2.02-src\decoders\soundtouch\source\SoundTouch\cpu_detect_x86_win.cpp(80,39): error C2065: “save”: 未声明的标识符
E:\expl\libzplay\libzplay-2.02-src\decoders\soundtouch\source\SoundTouch\cpu_detect_x86_win.cpp(80,44): error C2146: 语法错误: 缺少“;”(在标识符“eflags”的前面)
E:\expl\libzplay\libzplay-2.02-src\decoders\soundtouch\source\SoundTouch\cpu_detect_x86_win.cpp(80,44): error C2065: “eflags”: 未声明的标识符
E:\expl\libzplay\libzplay-2.02-src\decoders\soundtouch\source\SoundTouch\cpu_detect_x86_win.cpp(80,51): error C2146: 语法错误: 缺少“;”(在标识符“to”的前面)
E:\expl\libzplay\libzplay-2.02-src\decoders\soundtouch\source\SoundTouch\cpu_detect_x86_win.cpp(80,51): error C2065: “to”: 未声明的标识符
E:\expl\libzplay\libzplay-2.02-src\decoders\soundtouch\source\SoundTouch\cpu_detect_x86_win.cpp(80,54): error C2146: 语法错误: 缺少“;”(在标识符“stack”的前面)
E:\expl\libzplay\libzplay-2.02-src\decoders\soundtouch\source\SoundTouch\cpu_detect_x86_win.cpp(80,54): error C2065: “stack”: 未声明的标识符
E:\expl\libzplay\libzplay-2.02-src\decoders\soundtouch\source\SoundTouch\cpu_detect_x86_win.cpp(81,9): error C2146: 语法错误: 缺少“;”(在标识符“pop”的前面)
E:\expl\libzplay\libzplay-2.02-src\decoders\soundtouch\source\SoundTouch\cpu_detect_x86_win.cpp(81,9): error C2065: “pop”: 未声明的标识符
E:\expl\libzplay\libzplay-2.02-src\decoders\soundtouch\source\SoundTouch\cpu_detect_x86_win.cpp(81,17): error C2146: 语法错误: 缺少“;”(在标识符“eax”的前面)
E:\expl\libzplay\libzplay-2.02-src\decoders\soundtouch\source\SoundTouch\cpu_detect_x86_win.cpp(81,17): error C2065: “eax”: 未声明的标识符
E:\expl\libzplay\libzplay-2.02-src\decoders\soundtouch\source\SoundTouch\cpu_detect_x86_win.cpp(81,39): error C2065: “load”: 未声明的标识符
E:\expl\libzplay\libzplay-2.02-src\decoders\soundtouch\source\SoundTouch\cpu_detect_x86_win.cpp(81,44): error C2146: 语法错误: 缺少“;”(在标识符“eax”的前面)
E:\expl\libzplay\libzplay-2.02-src\decoders\soundtouch\source\SoundTouch\cpu_detect_x86_win.cpp(81,44): error C2065: “eax”: 未声明的标识符
E:\expl\libzplay\libzplay-2.02-src\decoders\soundtouch\source\SoundTouch\cpu_detect_x86_win.cpp(81,48): error C2146: 语法错误: 缺少“;”(在标识符“from”的前面)
E:\expl\libzplay\libzplay-2.02-src\decoders\soundtouch\source\SoundTouch\cpu_detect_x86_win.cpp(81,48): error C2065: “from”: 未声明的标识符
E:\expl\libzplay\libzplay-2.02-src\decoders\soundtouch\source\SoundTouch\cpu_detect_x86_win.cpp(81,53): error C2146: 语法错误: 缺少“;”(在标识符“stack”的前面)
E:\expl\libzplay\libzplay-2.02-src\decoders\soundtouch\source\SoundTouch\cpu_detect_x86_win.cpp(81,60): error C2065: “with”: 未声明的标识符
E:\expl\libzplay\libzplay-2.02-src\decoders\soundtouch\source\SoundTouch\cpu_detect_x86_win.cpp(81,65): error C2146: 语法错误: 缺少“)”(在标识符“eflags”的前面)
E:\expl\libzplay\libzplay-2.02-src\decoders\soundtouch\source\SoundTouch\cpu_detect_x86_win.cpp(81,53): error C3861: “stack”: 找不到标识符
E:\expl\libzplay\libzplay-2.02-src\decoders\soundtouch\source\SoundTouch\cpu_detect_x86_win.cpp(81,65): error C2146: 语法错误: 缺少“;”(在标识符“eflags”的前面)
E:\expl\libzplay\libzplay-2.02-src\decoders\soundtouch\source\SoundTouch\cpu_detect_x86_win.cpp(81,71): error C2059: 语法错误:“)”
E:\expl\libzplay\libzplay-2.02-src\decoders\soundtouch\source\SoundTouch\cpu_detect_x86_win.cpp(81,65): error C2065: “eflags”: 未声明的标识符
E:\expl\libzplay\libzplay-2.02-src\decoders\soundtouch\source\SoundTouch\cpu_detect_x86_win.cpp(82,9): error C2146: 语法错误: 缺少“;”(在标识符“mov”的前面)
E:\expl\libzplay\libzplay-2.02-src\decoders\soundtouch\source\SoundTouch\cpu_detect_x86_win.cpp(82,9): error C2065: “mov”: 未声明的标识符
E:\expl\libzplay\libzplay-2.02-src\decoders\soundtouch\source\SoundTouch\cpu_detect_x86_win.cpp(82,17): error C2146: 语法错误: 缺少“;”(在标识符“ecx”的前面)
E:\expl\libzplay\libzplay-2.02-src\decoders\soundtouch\source\SoundTouch\cpu_detect_x86_win.cpp(82,17): error C2065: “ecx”: 未声明的标识符
E:\expl\libzplay\libzplay-2.02-src\decoders\soundtouch\source\SoundTouch\cpu_detect_x86_win.cpp(82,22): error C2065: “eax”: 未声明的标识符
E:\expl\libzplay\libzplay-2.02-src\decoders\soundtouch\source\SoundTouch\cpu_detect_x86_win.cpp(82,39): error C2065: “save”: 未声明的标识符
E:\expl\libzplay\libzplay-2.02-src\decoders\soundtouch\source\SoundTouch\cpu_detect_x86_win.cpp(82,44): error C2146: 语法错误: 缺少“;”(在标识符“the”的前面)
E:\expl\libzplay\libzplay-2.02-src\decoders\soundtouch\source\SoundTouch\cpu_detect_x86_win.cpp(82,44): error C2065: “the”: 未声明的标识符
E:\expl\libzplay\libzplay-2.02-src\decoders\soundtouch\source\SoundTouch\cpu_detect_x86_win.cpp(82,48): error C2146: 语法错误: 缺少“;”(在标识符“original”的前面)
E:\expl\libzplay\libzplay-2.02-src\decoders\soundtouch\source\SoundTouch\cpu_detect_x86_win.cpp(82,48): error C2065: “original”: 未声明的标识符
E:\expl\libzplay\libzplay-2.02-src\decoders\soundtouch\source\SoundTouch\cpu_detect_x86_win.cpp(82,57): error C2146: 语法错误: 缺少“;”(在标识符“eflags”的前面)
E:\expl\libzplay\libzplay-2.02-src\decoders\soundtouch\source\SoundTouch\cpu_detect_x86_win.cpp(82,57): error C2065: “eflags”: 未声明的标识符
E:\expl\libzplay\libzplay-2.02-src\decoders\soundtouch\source\SoundTouch\cpu_detect_x86_win.cpp(82,64): error C2146: 语法错误: 缺少“;”(在标识符“values”的前面)
E:\expl\libzplay\libzplay-2.02-src\decoders\soundtouch\source\SoundTouch\cpu_detect_x86_win.cpp(82,64): error C2065: “values”: 未声明的标识符
E:\expl\libzplay\libzplay-2.02-src\decoders\soundtouch\source\SoundTouch\cpu_detect_x86_win.cpp(82,71): error C2146: 语法错误: 缺少“;”(在标识符“to”的前面)
E:\expl\libzplay\libzplay-2.02-src\decoders\soundtouch\source\SoundTouch\cpu_detect_x86_win.cpp(82,71): error C2065: “to”: 未声明的标识符
E:\expl\libzplay\libzplay-2.02-src\decoders\soundtouch\source\SoundTouch\cpu_detect_x86_win.cpp(82,74): error C2146: 语法错误: 缺少“;”(在标识符“ecx”的前面)
E:\expl\libzplay\libzplay-2.02-src\decoders\soundtouch\source\SoundTouch\cpu_detect_x86_win.cpp(82,74): error C2065: “ecx”: 未声明的标识符
E:\expl\libzplay\libzplay-2.02-src\decoders\soundtouch\source\SoundTouch\cpu_detect_x86_win.cpp(83,9): error C2146: 语法错误: 缺少“;”(在标识符“xor”的前面)
E:\expl\libzplay\libzplay-2.02-src\decoders\soundtouch\source\SoundTouch\cpu_detect_x86_win.cpp(83,9): error C2065: “xor”: 未声明的标识符
E:\expl\libzplay\libzplay-2.02-src\decoders\soundtouch\source\SoundTouch\cpu_detect_x86_win.cpp(83,17): error C2146: 语法错误: 缺少“;”(在标识符“eax”的前面)
E:\expl\libzplay\libzplay-2.02-src\decoders\soundtouch\source\SoundTouch\cpu_detect_x86_win.cpp(83,17): error C2065: “eax”: 未声明的标识符
E:\expl\libzplay\libzplay-2.02-src\decoders\soundtouch\source\SoundTouch\cpu_detect_x86_win.cpp(83,39): error C2065: “toggle”: 未声明的标识符
E:\expl\libzplay\libzplay-2.02-src\decoders\soundtouch\source\SoundTouch\cpu_detect_x86_win.cpp(83,46): error C2146: 语法错误: 缺少“;”(在标识符“bit”的前面)
E:\expl\libzplay\libzplay-2.02-src\decoders\soundtouch\source\SoundTouch\cpu_detect_x86_win.cpp(83,46): error C2065: “bit”: 未声明的标识符
E:\expl\libzplay\libzplay-2.02-src\decoders\soundtouch\source\SoundTouch\cpu_detect_x86_win.cpp(83,50): error C2143: 语法错误: 缺少“;”(在“常数”的前面)
E:\expl\libzplay\libzplay-2.02-src\decoders\soundtouch\source\SoundTouch\cpu_detect_x86_win.cpp(84,9): error C2146: 语法错误: 缺少“;”(在标识符“push”的前面)
E:\expl\libzplay\libzplay-2.02-src\decoders\soundtouch\source\SoundTouch\cpu_detect_x86_win.cpp(84,9): error C2065: “push”: 未声明的标识符
E:\expl\libzplay\libzplay-2.02-src\decoders\soundtouch\source\SoundTouch\cpu_detect_x86_win.cpp(84,17): error C2146: 语法错误: 缺少“;”(在标识符“eax”的前面)
E:\expl\libzplay\libzplay-2.02-src\decoders\soundtouch\source\SoundTouch\cpu_detect_x86_win.cpp(84,17): error C2065: “eax”: 未声明的标识符
E:\expl\libzplay\libzplay-2.02-src\decoders\soundtouch\source\SoundTouch\cpu_detect_x86_win.cpp(84,39): error C2065: “store”: 未声明的标识符
E:\expl\libzplay\libzplay-2.02-src\decoders\soundtouch\source\SoundTouch\cpu_detect_x86_win.cpp(84,45): error C2146: 语法错误: 缺少“;”(在标识符“toggled”的前面)
E:\expl\libzplay\libzplay-2.02-src\decoders\soundtouch\source\SoundTouch\cpu_detect_x86_win.cpp(84,45): error C2065: “toggled”: 未声明的标识符
E:\expl\libzplay\libzplay-2.02-src\decoders\soundtouch\source\SoundTouch\cpu_detect_x86_win.cpp(84,53): error C2146: 语法错误: 缺少“;”(在标识符“eflags”的前面)
E:\expl\libzplay\libzplay-2.02-src\decoders\soundtouch\source\SoundTouch\cpu_detect_x86_win.cpp(84,53): error C2065: “eflags”: 未声明的标识符
E:\expl\libzplay\libzplay-2.02-src\decoders\soundtouch\source\SoundTouch\cpu_detect_x86_win.cpp(84,60): error C2146: 语法错误: 缺少“;”(在标识符“to”的前面)
E:\expl\libzplay\libzplay-2.02-src\decoders\soundtouch\source\SoundTouch\cpu_detect_x86_win.cpp(84,60): error C2065: “to”: 未声明的标识符
E:\expl\libzplay\libzplay-2.02-src\decoders\soundtouch\source\SoundTouch\cpu_detect_x86_win.cpp(84,63): error C2146: 语法错误: 缺少“;”(在标识符“stack”的前面)
E:\expl\libzplay\libzplay-2.02-src\decoders\soundtouch\source\SoundTouch\cpu_detect_x86_win.cpp(84,63): error C2065: “stack”: 未声明的标识符
E:\expl\libzplay\libzplay-2.02-src\decoders\soundtouch\source\SoundTouch\cpu_detect_x86_win.cpp(85,9): error C2146: 语法错误: 缺少“;”(在标识符“popfd”的前面)
E:\expl\libzplay\libzplay-2.02-src\decoders\soundtouch\source\SoundTouch\cpu_detect_x86_win.cpp(85,9): error C2065: “popfd”: 未声明的标识符
E:\expl\libzplay\libzplay-2.02-src\decoders\soundtouch\source\SoundTouch\cpu_detect_x86_win.cpp(85,39): error C2065: “load”: 未声明的标识符
E:\expl\libzplay\libzplay-2.02-src\decoders\soundtouch\source\SoundTouch\cpu_detect_x86_win.cpp(85,44): error C2146: 语法错误: 缺少“;”(在标识符“eflags”的前面)
E:\expl\libzplay\libzplay-2.02-src\decoders\soundtouch\source\SoundTouch\cpu_detect_x86_win.cpp(85,44): error C2065: “eflags”: 未声明的标识符
E:\expl\libzplay\libzplay-2.02-src\decoders\soundtouch\source\SoundTouch\cpu_detect_x86_win.cpp(85,51): error C2146: 语法错误: 缺少“;”(在标识符“from”的前面)
E:\expl\libzplay\libzplay-2.02-src\decoders\soundtouch\source\SoundTouch\cpu_detect_x86_win.cpp(85,51): error C2065: “from”: 未声明的标识符
E:\expl\libzplay\libzplay-2.02-src\decoders\soundtouch\source\SoundTouch\cpu_detect_x86_win.cpp(85,56): error C2146: 语法错误: 缺少“;”(在标识符“stack”的前面)
E:\expl\libzplay\libzplay-2.02-src\decoders\soundtouch\source\SoundTouch\cpu_detect_x86_win.cpp(85,56): error C2065: “stack”: 未声明的标识符
E:\expl\libzplay\libzplay-2.02-src\decoders\soundtouch\source\SoundTouch\cpu_detect_x86_win.cpp(86,9): error C2146: 语法错误: 缺少“;”(在标识符“pushfd”的前面)
E:\expl\libzplay\libzplay-2.02-src\decoders\soundtouch\source\SoundTouch\cpu_detect_x86_win.cpp(86,39): error C2065: “save”: 未声明的标识符
E:\expl\libzplay\libzplay-2.02-src\decoders\soundtouch\source\SoundTouch\cpu_detect_x86_win.cpp(86,44): error C2146: 语法错误: 缺少“;”(在标识符“updated”的前面)
E:\expl\libzplay\libzplay-2.02-src\decoders\soundtouch\source\SoundTouch\cpu_detect_x86_win.cpp(86,44): error C2065: “updated”: 未声明的标识符
E:\expl\libzplay\libzplay-2.02-src\decoders\soundtouch\source\SoundTouch\cpu_detect_x86_win.cpp(86,52): error C2146: 语法错误: 缺少“;”(在标识符“eflags”的前面)
E:\expl\libzplay\libzplay-2.02-src\decoders\soundtouch\source\SoundTouch\cpu_detect_x86_win.cpp(86,52): error C2065: “eflags”: 未声明的标识符
E:\expl\libzplay\libzplay-2.02-src\decoders\soundtouch\source\SoundTouch\cpu_detect_x86_win.cpp(86,59): error C2146: 语法错误: 缺少“;”(在标识符“to”的前面)
E:\expl\libzplay\libzplay-2.02-src\decoders\soundtouch\source\SoundTouch\cpu_detect_x86_win.cpp(86,59): error C2065: “to”: 未声明的标识符
E:\expl\libzplay\libzplay-2.02-src\decoders\soundtouch\source\SoundTouch\cpu_detect_x86_win.cpp(86,62): error C2146: 语法错误: 缺少“;”(在标识符“stack”的前面)
E:\expl\libzplay\libzplay-2.02-src\decoders\soundtouch\source\SoundTouch\cpu_detect_x86_win.cpp(86,62): error C2065: “stack”: 未声明的标识符
E:\expl\libzplay\libzplay-2.02-src\decoders\soundtouch\source\SoundTouch\cpu_detect_x86_win.cpp(87,9): error C2146: 语法错误: 缺少“;”(在标识符“pop”的前面)
E:\expl\libzplay\libzplay-2.02-src\decoders\soundtouch\source\SoundTouch\cpu_detect_x86_win.cpp(87,9): error C2065: “pop”: 未声明的标识符
E:\expl\libzplay\libzplay-2.02-src\decoders\soundtouch\source\SoundTouch\cpu_detect_x86_win.cpp(87,17): error C2146: 语法错误: 缺少“;”(在标识符“eax”的前面)
E:\expl\libzplay\libzplay-2.02-src\decoders\soundtouch\source\SoundTouch\cpu_detect_x86_win.cpp(87,17): error C2065: “eax”: 未声明的标识符
E:\expl\libzplay\libzplay-2.02-src\decoders\soundtouch\source\SoundTouch\cpu_detect_x86_win.cpp(87,39): error C2065: “load”: 未声明的标识符
E:\expl\libzplay\libzplay-2.02-src\decoders\soundtouch\source\SoundTouch\cpu_detect_x86_win.cpp(87,44): error C2146: 语法错误: 缺少“;”(在标识符“from”的前面)
E:\expl\libzplay\libzplay-2.02-src\decoders\soundtouch\source\SoundTouch\cpu_detect_x86_win.cpp(87,44): error C2065: “from”: 未声明的标识符
E:\expl\libzplay\libzplay-2.02-src\decoders\soundtouch\source\SoundTouch\cpu_detect_x86_win.cpp(87,44): error C1003: 错误计数超过 100；正在停止编译
E:\expl\libzplay\libzplay-2.02-src\decoders\soundtouch\source\SoundTouch\mmx_optimized.cpp(85,15): error C3861: “_m_from_int”: 找不到标识符
E:\expl\libzplay\libzplay-2.02-src\decoders\soundtouch\source\SoundTouch\mmx_optimized.cpp(86,12): error C3861: “_mm_setzero_si64”: 找不到标识符
E:\expl\libzplay\libzplay-2.02-src\decoders\soundtouch\source\SoundTouch\mmx_optimized.cpp(99,29): error C3861: “_mm_madd_pi16”: 找不到标识符
E:\expl\libzplay\libzplay-2.02-src\decoders\soundtouch\source\SoundTouch\mmx_optimized.cpp(100,29): error C3861: “_mm_madd_pi16”: 找不到标识符
E:\expl\libzplay\libzplay-2.02-src\decoders\soundtouch\source\SoundTouch\mmx_optimized.cpp(99,16): error C3861: “_mm_add_pi32”: 找不到标识符
E:\expl\libzplay\libzplay-2.02-src\decoders\soundtouch\source\SoundTouch\mmx_optimized.cpp(101,35): error C3861: “_mm_sra_pi32”: 找不到标识符
E:\expl\libzplay\libzplay-2.02-src\decoders\soundtouch\source\SoundTouch\mmx_optimized.cpp(101,16): error C3861: “_mm_add_pi32”: 找不到标识符
E:\expl\libzplay\libzplay-2.02-src\decoders\soundtouch\source\SoundTouch\mmx_optimized.cpp(103,29): error C3861: “_mm_madd_pi16”: 找不到标识符
E:\expl\libzplay\libzplay-2.02-src\decoders\soundtouch\source\SoundTouch\mmx_optimized.cpp(104,29): error C3861: “_mm_madd_pi16”: 找不到标识符
E:\expl\libzplay\libzplay-2.02-src\decoders\soundtouch\source\SoundTouch\mmx_optimized.cpp(103,16): error C3861: “_mm_add_pi32”: 找不到标识符
E:\expl\libzplay\libzplay-2.02-src\decoders\soundtouch\source\SoundTouch\mmx_optimized.cpp(105,35): error C3861: “_mm_sra_pi32”: 找不到标识符
E:\expl\libzplay\libzplay-2.02-src\decoders\soundtouch\source\SoundTouch\mmx_optimized.cpp(105,16): error C3861: “_mm_add_pi32”: 找不到标识符
E:\expl\libzplay\libzplay-2.02-src\decoders\soundtouch\source\SoundTouch\mmx_optimized.cpp(114,31): error C3861: “_mm_srli_si64”: 找不到标识符
E:\expl\libzplay\libzplay-2.02-src\decoders\soundtouch\source\SoundTouch\mmx_optimized.cpp(114,12): error C3861: “_mm_add_pi32”: 找不到标识符
E:\expl\libzplay\libzplay-2.02-src\decoders\soundtouch\source\SoundTouch\mmx_optimized.cpp(115,12): error C3861: “_m_to_int”: 找不到标识符
E:\expl\libzplay\libzplay-2.02-src\decoders\soundtouch\source\SoundTouch\mmx_optimized.cpp(118,5): error C3861: “_m_empty”: 找不到标识符
E:\expl\libzplay\libzplay-2.02-src\decoders\soundtouch\source\SoundTouch\mmx_optimized.cpp(130,5): error C3861: “_m_empty”: 找不到标识符
E:\expl\libzplay\libzplay-2.02-src\decoders\soundtouch\source\SoundTouch\mmx_optimized.cpp(152,13): error C3861: “_mm_set_pi16”: 找不到标识符
E:\expl\libzplay\libzplay-2.02-src\decoders\soundtouch\source\SoundTouch\mmx_optimized.cpp(153,13): error C3861: “_mm_set_pi16”: 找不到标识符
E:\expl\libzplay\libzplay-2.02-src\decoders\soundtouch\source\SoundTouch\mmx_optimized.cpp(154,13): error C3861: “_mm_add_pi16”: 找不到标识符
E:\expl\libzplay\libzplay-2.02-src\decoders\soundtouch\source\SoundTouch\mmx_optimized.cpp(155,13): error C3861: “_mm_add_pi16”: 找不到标识符
E:\expl\libzplay\libzplay-2.02-src\decoders\soundtouch\source\SoundTouch\mmx_optimized.cpp(157,15): error C3861: “_m_from_int”: 找不到标识符
E:\expl\libzplay\libzplay-2.02-src\decoders\soundtouch\source\SoundTouch\mmx_optimized.cpp(164,17): error C3861: “_mm_unpacklo_pi16”: 找不到标识符
E:\expl\libzplay\libzplay-2.02-src\decoders\soundtouch\source\SoundTouch\mmx_optimized.cpp(165,17): error C3861: “_mm_unpackhi_pi16”: 找不到标识符
E:\expl\libzplay\libzplay-2.02-src\decoders\soundtouch\source\SoundTouch\mmx_optimized.cpp(168,30): error C3861: “_mm_madd_pi16”: 找不到标识符
E:\expl\libzplay\libzplay-2.02-src\decoders\soundtouch\source\SoundTouch\mmx_optimized.cpp(168,17): error C3861: “_mm_sra_pi32”: 找不到标识符
E:\expl\libzplay\libzplay-2.02-src\decoders\soundtouch\source\SoundTouch\mmx_optimized.cpp(169,30): error C3861: “_mm_madd_pi16”: 找不到标识符
E:\expl\libzplay\libzplay-2.02-src\decoders\soundtouch\source\SoundTouch\mmx_optimized.cpp(169,17): error C3861: “_mm_sra_pi32”: 找不到标识符
E:\expl\libzplay\libzplay-2.02-src\decoders\soundtouch\source\SoundTouch\mmx_optimized.cpp(170,21): error C3861: “_mm_packs_pi32”: 找不到标识符
E:\expl\libzplay\libzplay-2.02-src\decoders\soundtouch\source\SoundTouch\mmx_optimized.cpp(173,16): error C3861: “_mm_add_pi16”: 找不到标识符
E:\expl\libzplay\libzplay-2.02-src\decoders\soundtouch\source\SoundTouch\mmx_optimized.cpp(174,16): error C3861: “_mm_add_pi16”: 找不到标识符
E:\expl\libzplay\libzplay-2.02-src\decoders\soundtouch\source\SoundTouch\mmx_optimized.cpp(179,17): error C3861: “_mm_unpacklo_pi16”: 找不到标识符
E:\expl\libzplay\libzplay-2.02-src\decoders\soundtouch\source\SoundTouch\mmx_optimized.cpp(180,17): error C3861: “_mm_unpackhi_pi16”: 找不到标识符
E:\expl\libzplay\libzplay-2.02-src\decoders\soundtouch\source\SoundTouch\mmx_optimized.cpp(183,30): error C3861: “_mm_madd_pi16”: 找不到标识符
E:\expl\libzplay\libzplay-2.02-src\decoders\soundtouch\source\SoundTouch\mmx_optimized.cpp(183,17): error C3861: “_mm_sra_pi32”: 找不到标识符
E:\expl\libzplay\libzplay-2.02-src\decoders\soundtouch\source\SoundTouch\mmx_optimized.cpp(184,30): error C3861: “_mm_madd_pi16”: 找不到标识符
E:\expl\libzplay\libzplay-2.02-src\decoders\soundtouch\source\SoundTouch\mmx_optimized.cpp(184,17): error C3861: “_mm_sra_pi32”: 找不到标识符
E:\expl\libzplay\libzplay-2.02-src\decoders\soundtouch\source\SoundTouch\mmx_optimized.cpp(185,21): error C3861: “_mm_packs_pi32”: 找不到标识符
E:\expl\libzplay\libzplay-2.02-src\decoders\soundtouch\source\SoundTouch\mmx_optimized.cpp(188,16): error C3861: “_mm_add_pi16”: 找不到标识符
E:\expl\libzplay\libzplay-2.02-src\decoders\soundtouch\source\SoundTouch\mmx_optimized.cpp(189,16): error C3861: “_mm_add_pi16”: 找不到标识符
E:\expl\libzplay\libzplay-2.02-src\decoders\soundtouch\source\SoundTouch\mmx_optimized.cpp(196,5): error C3861: “_m_empty”: 找不到标识符
E:\expl\libzplay\libzplay-2.02-src\decoders\soundtouch\source\SoundTouch\mmx_optimized.cpp(230,36): warning C4311: “类型强制转换”: 从“short *”到“ulong”的指针截断
E:\expl\libzplay\libzplay-2.02-src\decoders\soundtouch\source\SoundTouch\mmx_optimized.cpp(230,36): warning C4302: “类型强制转换”: 从“short *”到“ulong”截断
E:\expl\libzplay\libzplay-2.02-src\decoders\soundtouch\source\SoundTouch\mmx_optimized.cpp(230,25): warning C4312: “类型强制转换”: 从“ulong”转换到更大的“short *”
E:\expl\libzplay\libzplay-2.02-src\decoders\soundtouch\source\SoundTouch\mmx_optimized.cpp(265,25): error C3861: “_mm_setzero_si64”: 找不到标识符
E:\expl\libzplay\libzplay-2.02-src\decoders\soundtouch\source\SoundTouch\mmx_optimized.cpp(270,21): error C3861: “_mm_unpacklo_pi16”: 找不到标识符
E:\expl\libzplay\libzplay-2.02-src\decoders\soundtouch\source\SoundTouch\mmx_optimized.cpp(271,21): error C3861: “_mm_unpackhi_pi16”: 找不到标识符
E:\expl\libzplay\libzplay-2.02-src\decoders\soundtouch\source\SoundTouch\mmx_optimized.cpp(273,41): error C3861: “_mm_madd_pi16”: 找不到标识符
E:\expl\libzplay\libzplay-2.02-src\decoders\soundtouch\source\SoundTouch\mmx_optimized.cpp(273,21): error C3861: “_mm_add_pi32”: 找不到标识符
E:\expl\libzplay\libzplay-2.02-src\decoders\soundtouch\source\SoundTouch\mmx_optimized.cpp(274,41): error C3861: “_mm_madd_pi16”: 找不到标识符
E:\expl\libzplay\libzplay-2.02-src\decoders\soundtouch\source\SoundTouch\mmx_optimized.cpp(274,21): error C3861: “_mm_add_pi32”: 找不到标识符
E:\expl\libzplay\libzplay-2.02-src\decoders\soundtouch\source\SoundTouch\mmx_optimized.cpp(276,21): error C3861: “_mm_unpacklo_pi16”: 找不到标识符
E:\expl\libzplay\libzplay-2.02-src\decoders\soundtouch\source\SoundTouch\mmx_optimized.cpp(278,41): error C3861: “_mm_madd_pi16”: 找不到标识符
E:\expl\libzplay\libzplay-2.02-src\decoders\soundtouch\source\SoundTouch\mmx_optimized.cpp(278,21): error C3861: “_mm_add_pi32”: 找不到标识符
E:\expl\libzplay\libzplay-2.02-src\decoders\soundtouch\source\SoundTouch\mmx_optimized.cpp(279,41): error C3861: “_mm_madd_pi16”: 找不到标识符
E:\expl\libzplay\libzplay-2.02-src\decoders\soundtouch\source\SoundTouch\mmx_optimized.cpp(279,21): error C3861: “_mm_add_pi32”: 找不到标识符
E:\expl\libzplay\libzplay-2.02-src\decoders\soundtouch\source\SoundTouch\mmx_optimized.cpp(291,17): error C3861: “_mm_srai_pi32”: 找不到标识符
E:\expl\libzplay\libzplay-2.02-src\decoders\soundtouch\source\SoundTouch\mmx_optimized.cpp(292,17): error C3861: “_mm_srai_pi32”: 找不到标识符
E:\expl\libzplay\libzplay-2.02-src\decoders\soundtouch\source\SoundTouch\mmx_optimized.cpp(295,21): error C3861: “_mm_packs_pi32”: 找不到标识符
E:\expl\libzplay\libzplay-2.02-src\decoders\soundtouch\source\SoundTouch\mmx_optimized.cpp(300,4): error C3861: “_m_empty”: 找不到标识符
E:\expl\libzplay\libzplay-2.02-src\decoders\soundtouch\source\SoundTouch\TDStretch.cpp(713,42): warning C4311: “类型强制转换”: 从“soundtouch::SAMPLETYPE *”到“ulong”的指针截断
E:\expl\libzplay\libzplay-2.02-src\decoders\soundtouch\source\SoundTouch\TDStretch.cpp(713,42): warning C4302: “类型强制转换”: 从“soundtouch::SAMPLETYPE *”到“ulong”截断
E:\expl\libzplay\libzplay-2.02-src\decoders\soundtouch\source\SoundTouch\TDStretch.cpp(713,25): warning C4312: “类型强制转换”: 从“unsigned long”转换到更大的“soundtouch::SAMPLETYPE *”
  正在生成代码...
