e:\expl\libzplay\libzplay-2.02-src\decoders\libflac\release_static\libflac_static.pdb
e:\expl\libzplay\libzplay-2.02-src\decoders\libflac\release_static\stream_encoder_framing.obj
e:\expl\libzplay\libzplay-2.02-src\decoders\libflac\release_static\stream_encoder.obj
e:\expl\libzplay\libzplay-2.02-src\decoders\libflac\release_static\stream_decoder.obj
e:\expl\libzplay\libzplay-2.02-src\decoders\libflac\release_static\ogg_mapping.obj
e:\expl\libzplay\libzplay-2.02-src\decoders\libflac\release_static\ogg_helper.obj
e:\expl\libzplay\libzplay-2.02-src\decoders\libflac\release_static\ogg_encoder_aspect.obj
e:\expl\libzplay\libzplay-2.02-src\decoders\libflac\release_static\ogg_decoder_aspect.obj
e:\expl\libzplay\libzplay-2.02-src\decoders\libflac\release_static\metadata_object.obj
e:\expl\libzplay\libzplay-2.02-src\decoders\libflac\release_static\metadata_iterators.obj
e:\expl\libzplay\libzplay-2.02-src\decoders\libflac\release_static\memory.obj
e:\expl\libzplay\libzplay-2.02-src\decoders\libflac\release_static\md5.obj
e:\expl\libzplay\libzplay-2.02-src\decoders\libflac\release_static\lpc.obj
e:\expl\libzplay\libzplay-2.02-src\decoders\libflac\release_static\format.obj
e:\expl\libzplay\libzplay-2.02-src\decoders\libflac\release_static\float.obj
e:\expl\libzplay\libzplay-2.02-src\decoders\libflac\release_static\fixed.obj
e:\expl\libzplay\libzplay-2.02-src\decoders\libflac\release_static\crc.obj
e:\expl\libzplay\libzplay-2.02-src\decoders\libflac\release_static\cpu.obj
e:\expl\libzplay\libzplay-2.02-src\decoders\libflac\release_static\bitwriter.obj
e:\expl\libzplay\libzplay-2.02-src\decoders\libflac\release_static\bitreader.obj
e:\expl\libzplay\libzplay-2.02-src\decoders\libflac\release_static\bitmath.obj
e:\expl\libzplay\libzplay-2.02-src\decoders\libflac\release_static\window.obj
e:\expl\libzplay\libzplay-2.02-src\decoders\libflac\release\libflac_static.lib
e:\expl\libzplay\libzplay-2.02-src\decoders\libflac\release_static\libflac_static.tlog\cl.command.1.tlog
e:\expl\libzplay\libzplay-2.02-src\decoders\libflac\release_static\libflac_static.tlog\cl.items.tlog
e:\expl\libzplay\libzplay-2.02-src\decoders\libflac\release_static\libflac_static.tlog\cl.read.1.tlog
e:\expl\libzplay\libzplay-2.02-src\decoders\libflac\release_static\libflac_static.tlog\cl.write.1.tlog
e:\expl\libzplay\libzplay-2.02-src\decoders\libflac\release_static\libflac_static.tlog\lib-link.write.1.tlog
e:\expl\libzplay\libzplay-2.02-src\decoders\libflac\release_static\libflac_static.tlog\lib.command.1.tlog
e:\expl\libzplay\libzplay-2.02-src\decoders\libflac\release_static\libflac_static.tlog\lib.read.1.tlog
